<?xml version="1.0" encoding="UTF-8"?>
<testng-results total="1" passed="1" failed="0" skipped="0">
  <reporter-output>
  </reporter-output>
  <suite started-at="2018-08-28T23:44:48Z" name="Default suite" finished-at="2018-08-28T23:45:02Z" duration-ms="14203">
    <groups>
    </groups>
    <test started-at="2018-08-28T23:44:48Z" name="Default test" finished-at="2018-08-28T23:45:02Z" duration-ms="14203">
      <class name="alertHandling.AlertHandling">
        <test-method is-config="true" signature="InvokeBrowser()[pri:0, instance:alertHandling.AlertHandling@10aa41f2]" started-at="2018-08-28T19:44:48Z" name="InvokeBrowser" finished-at="2018-08-28T19:44:56Z" duration-ms="8053" status="PASS">
          <reporter-output>
          </reporter-output>
        </test-method> <!-- InvokeBrowser -->
        <test-method signature="IFrameHandle()[pri:0, instance:alertHandling.AlertHandling@10aa41f2]" started-at="2018-08-28T19:44:56Z" name="IFrameHandle" finished-at="2018-08-28T19:44:58Z" duration-ms="2145" status="PASS">
          <reporter-output>
          </reporter-output>
        </test-method> <!-- IFrameHandle -->
        <test-method is-config="true" signature="tearDown()[pri:0, instance:alertHandling.AlertHandling@10aa41f2]" started-at="2018-08-28T19:44:58Z" name="tearDown" finished-at="2018-08-28T19:45:02Z" duration-ms="3984" status="PASS">
          <reporter-output>
          </reporter-output>
        </test-method> <!-- tearDown -->
      </class> <!-- alertHandling.AlertHandling -->
    </test> <!-- Default test -->
  </suite> <!-- Default suite -->
</testng-results>
